15:38:35.425 [main] INFO  s.z.guo.Application - [logStarting,55] - Starting Application using Java 1.8.0_281 on MacBook-Pro.local with PID 98566 (/Users/sunzg/Documents/File/Java/boot/springboot-other/target/classes started by sunzg in /Users/sunzg/Documents/File/Java/boot/springboot-other)
15:38:35.429 [main] INFO  s.z.guo.Application - [logStartupProfileInfo,639] - The following profiles are active: dev
15:38:36.383 [main] INFO  c.u.j.c.EnableEncryptablePropertiesBeanFactoryPostProcessor - [postProcessBeanFactory,44] - Post-processing PropertySource instances
15:38:36.384 [main] INFO  c.u.j.EncryptablePropertySourceConverter - [makeEncryptable,105] - Skipping PropertySource configurationProperties [class org.springframework.boot.context.properties.source.ConfigurationPropertySourcesPropertySource
15:38:36.385 [main] INFO  c.u.j.EncryptablePropertySourceConverter - [makeEncryptable,105] - Skipping PropertySource servletConfigInitParams [class org.springframework.core.env.PropertySource$StubPropertySource
15:38:36.386 [main] INFO  c.u.j.EncryptablePropertySourceConverter - [makeEncryptable,105] - Skipping PropertySource servletContextInitParams [class org.springframework.core.env.PropertySource$StubPropertySource
15:38:36.387 [main] INFO  c.u.j.EncryptablePropertySourceConverter - [makeEncryptable,110] - Converting PropertySource systemProperties [org.springframework.core.env.PropertiesPropertySource] to EncryptableMapPropertySourceWrapper
15:38:36.387 [main] INFO  c.u.j.EncryptablePropertySourceConverter - [makeEncryptable,110] - Converting PropertySource systemEnvironment [org.springframework.boot.env.SystemEnvironmentPropertySourceEnvironmentPostProcessor$OriginAwareSystemEnvironmentPropertySource] to EncryptableSystemEnvironmentPropertySourceWrapper
15:38:36.388 [main] INFO  c.u.j.EncryptablePropertySourceConverter - [makeEncryptable,110] - Converting PropertySource random [org.springframework.boot.env.RandomValuePropertySource] to EncryptablePropertySourceWrapper
15:38:36.388 [main] INFO  c.u.j.EncryptablePropertySourceConverter - [makeEncryptable,110] - Converting PropertySource Config resource 'class path resource [application-dev.yml]' via location 'optional:classpath:/' [org.springframework.boot.env.OriginTrackedMapPropertySource] to EncryptableMapPropertySourceWrapper
15:38:36.388 [main] INFO  c.u.j.EncryptablePropertySourceConverter - [makeEncryptable,110] - Converting PropertySource Config resource 'class path resource [application.yml]' via location 'optional:classpath:/' [org.springframework.boot.env.OriginTrackedMapPropertySource] to EncryptableMapPropertySourceWrapper
15:38:36.509 [main] INFO  c.u.j.f.DefaultLazyPropertyFilter - [lambda$new$2,45] - Property Filter custom Bean not found with name 'encryptablePropertyFilter'. Initializing Default Property Filter
15:38:36.517 [main] INFO  c.u.j.r.DefaultLazyPropertyResolver - [lambda$new$2,46] - Property Resolver custom Bean not found with name 'encryptablePropertyResolver'. Initializing Default Property Resolver
15:38:36.518 [main] INFO  c.u.j.d.DefaultLazyPropertyDetector - [lambda$new$2,44] - Property Detector custom Bean not found with name 'encryptablePropertyDetector'. Initializing Default Property Detector
15:38:36.721 [main] INFO  io.undertow.servlet - [log,382] - Initializing Spring embedded WebApplicationContext
15:38:36.992 [main] INFO  c.u.j.e.DefaultLazyEncryptor - [lambda$new$1,41] - Found Custom Encryptor Bean org.jasypt.encryption.pbe.PooledPBEStringEncryptor@67536ae0 with name: jasyptStringEncryptor
15:38:38.079 [main] INFO  io.undertow - [start,120] - starting server: Undertow - 2.2.14.Final
15:38:38.086 [main] INFO  org.xnio - [<clinit>,95] - XNIO version 3.8.4.Final
15:38:38.094 [main] INFO  org.xnio.nio - [<clinit>,58] - XNIO NIO Implementation Version 3.8.4.Final
15:38:38.140 [main] INFO  org.jboss.threads - [<clinit>,52] - JBoss Threads version 3.1.0.Final
15:38:38.203 [main] INFO  c.u.j.c.RefreshScopeRefreshedEventListener - [onApplicationEvent,70] - Refreshing cached encryptable property sources on ServletWebServerInitializedEvent
15:38:38.204 [main] INFO  c.u.j.c.CachingDelegateEncryptablePropertySource - [refresh,92] - Property Source systemProperties refreshed
15:38:38.204 [main] INFO  c.u.j.c.CachingDelegateEncryptablePropertySource - [refresh,92] - Property Source systemEnvironment refreshed
15:38:38.204 [main] INFO  c.u.j.c.CachingDelegateEncryptablePropertySource - [refresh,92] - Property Source random refreshed
15:38:38.204 [main] INFO  c.u.j.c.CachingDelegateEncryptablePropertySource - [refresh,92] - Property Source Config resource 'class path resource [application-dev.yml]' via location 'optional:classpath:/' refreshed
15:38:38.204 [main] INFO  c.u.j.c.CachingDelegateEncryptablePropertySource - [refresh,92] - Property Source Config resource 'class path resource [application.yml]' via location 'optional:classpath:/' refreshed
15:38:38.205 [main] INFO  c.u.j.EncryptablePropertySourceConverter - [makeEncryptable,105] - Skipping PropertySource configurationProperties [class org.springframework.boot.context.properties.source.ConfigurationPropertySourcesPropertySource
15:38:38.205 [main] INFO  c.u.j.EncryptablePropertySourceConverter - [makeEncryptable,105] - Skipping PropertySource servletConfigInitParams [class org.springframework.core.env.PropertySource$StubPropertySource
15:38:38.205 [main] INFO  c.u.j.EncryptablePropertySourceConverter - [makeEncryptable,110] - Converting PropertySource servletContextInitParams [org.springframework.web.context.support.ServletContextPropertySource] to EncryptableEnumerablePropertySourceWrapper
15:38:38.216 [main] INFO  s.z.guo.Application - [logStarted,61] - Started Application in 3.257 seconds (JVM running for 4.885)
